<?xml version="1.0" encoding="UTF-8"?>
<coverage generated="1550221781752" clover="3.2.0">
  <project timestamp="1550221781752" name="All files">
    <metrics statements="45" coveredstatements="43" conditionals="23" coveredconditionals="21" methods="8" coveredmethods="8" elements="76" coveredelements="72" complexity="0" loc="45" ncloc="45" packages="1" files="4" classes="4"/>
    <file name="ast.js" path="/home/user/differenceCalculatorRed18/src/ast.js">
      <metrics statements="17" coveredstatements="16" conditionals="14" coveredconditionals="13" methods="2" coveredmethods="2"/>
      <line num="3" count="1" type="stmt"/>
      <line num="4" count="15" type="stmt"/>
      <line num="5" count="15" type="stmt"/>
      <line num="6" count="63" type="stmt"/>
      <line num="7" count="63" type="stmt"/>
      <line num="9" count="63" type="cond" truecount="4" falsecount="0"/>
      <line num="10" count="9" type="stmt"/>
      <line num="14" count="54" type="cond" truecount="4" falsecount="0"/>
      <line num="15" count="24" type="cond" truecount="2" falsecount="0"/>
      <line num="16" count="12" type="stmt"/>
      <line num="18" count="12" type="stmt"/>
      <line num="23" count="30" type="cond" truecount="2" falsecount="0"/>
      <line num="24" count="18" type="stmt"/>
      <line num="26" count="12" type="cond" truecount="1" falsecount="1"/>
      <line num="27" count="12" type="stmt"/>
      <line num="29" count="0" type="stmt"/>
      <line num="32" count="15" type="stmt"/>
    </file>
    <file name="index.js" path="/home/user/differenceCalculatorRed18/src/index.js">
      <metrics statements="7" coveredstatements="7" conditionals="0" coveredconditionals="0" methods="1" coveredmethods="1"/>
      <line num="8" count="6" type="stmt"/>
      <line num="10" count="6" type="stmt"/>
      <line num="11" count="6" type="stmt"/>
      <line num="13" count="6" type="stmt"/>
      <line num="14" count="6" type="stmt"/>
      <line num="16" count="6" type="stmt"/>
      <line num="18" count="6" type="stmt"/>
    </file>
    <file name="parser.js" path="/home/user/differenceCalculatorRed18/src/parser.js">
      <metrics statements="2" coveredstatements="2" conditionals="0" coveredconditionals="0" methods="1" coveredmethods="1"/>
      <line num="4" count="1" type="stmt"/>
      <line num="10" count="12" type="stmt"/>
    </file>
    <file name="render.js" path="/home/user/differenceCalculatorRed18/src/render.js">
      <metrics statements="19" coveredstatements="18" conditionals="9" coveredconditionals="8" methods="4" coveredmethods="4"/>
      <line num="3" count="1" type="cond" truecount="1" falsecount="0"/>
      <line num="4" count="15" type="stmt"/>
      <line num="6" count="15" type="stmt"/>
      <line num="7" count="66" type="stmt"/>
      <line num="8" count="66" type="cond" truecount="2" falsecount="0"/>
      <line num="9" count="15" type="stmt"/>
      <line num="10" count="15" type="stmt"/>
      <line num="12" count="51" type="stmt"/>
      <line num="15" count="15" type="stmt"/>
      <line num="22" count="63" type="stmt"/>
      <line num="24" count="63" type="cond" truecount="5" falsecount="1"/>
      <line num="26" count="9" type="stmt"/>
      <line num="28" count="18" type="stmt"/>
      <line num="30" count="12" type="stmt"/>
      <line num="32" count="12" type="stmt"/>
      <line num="34" count="12" type="stmt"/>
      <line num="36" count="0" type="stmt"/>
      <line num="39" count="15" type="stmt"/>
      <line num="40" count="15" type="stmt"/>
    </file>
  </project>
</coverage>
