{"/home/user/differenceCalculatorRed18/src/ast.js": {"path":"/home/user/differenceCalculatorRed18/src/ast.js","statementMap":{"0":{"start":{"line":3,"column":16},"end":{"line":33,"column":1}},"1":{"start":{"line":4,"column":21},"end":{"line":4,"column":66}},"2":{"start":{"line":5,"column":14},"end":{"line":30,"column":4}},"3":{"start":{"line":6,"column":24},"end":{"line":6,"column":33}},"4":{"start":{"line":7,"column":23},"end":{"line":7,"column":32}},"5":{"start":{"line":9,"column":4},"end":{"line":11,"column":5}},"6":{"start":{"line":10,"column":6},"end":{"line":10,"column":81}},"7":{"start":{"line":14,"column":4},"end":{"line":21,"column":5}},"8":{"start":{"line":15,"column":6},"end":{"line":17,"column":7}},"9":{"start":{"line":16,"column":8},"end":{"line":16,"column":54}},"10":{"start":{"line":18,"column":6},"end":{"line":20,"column":8}},"11":{"start":{"line":23,"column":4},"end":{"line":25,"column":5}},"12":{"start":{"line":24,"column":6},"end":{"line":24,"column":48}},"13":{"start":{"line":26,"column":4},"end":{"line":28,"column":5}},"14":{"start":{"line":27,"column":6},"end":{"line":27,"column":51}},"15":{"start":{"line":29,"column":4},"end":{"line":29,"column":65}},"16":{"start":{"line":32,"column":2},"end":{"line":32,"column":13}}},"fnMap":{"0":{"name":"(anonymous_0)","decl":{"start":{"line":3,"column":16},"end":{"line":3,"column":17}},"loc":{"start":{"line":3,"column":32},"end":{"line":33,"column":1}},"line":3},"1":{"name":"(anonymous_1)","decl":{"start":{"line":5,"column":29},"end":{"line":5,"column":30}},"loc":{"start":{"line":5,"column":38},"end":{"line":30,"column":3}},"line":5}},"branchMap":{"0":{"loc":{"start":{"line":9,"column":4},"end":{"line":11,"column":5}},"type":"if","locations":[{"start":{"line":9,"column":4},"end":{"line":11,"column":5}},{"start":{"line":9,"column":4},"end":{"line":11,"column":5}}],"line":9},"1":{"loc":{"start":{"line":9,"column":8},"end":{"line":9,"column":57}},"type":"binary-expr","locations":[{"start":{"line":9,"column":8},"end":{"line":9,"column":31}},{"start":{"line":9,"column":35},"end":{"line":9,"column":57}}],"line":9},"2":{"loc":{"start":{"line":14,"column":4},"end":{"line":21,"column":5}},"type":"if","locations":[{"start":{"line":14,"column":4},"end":{"line":21,"column":5}},{"start":{"line":14,"column":4},"end":{"line":21,"column":5}}],"line":14},"3":{"loc":{"start":{"line":14,"column":8},"end":{"line":14,"column":44}},"type":"binary-expr","locations":[{"start":{"line":14,"column":8},"end":{"line":14,"column":24}},{"start":{"line":14,"column":28},"end":{"line":14,"column":44}}],"line":14},"4":{"loc":{"start":{"line":15,"column":6},"end":{"line":17,"column":7}},"type":"if","locations":[{"start":{"line":15,"column":6},"end":{"line":17,"column":7}},{"start":{"line":15,"column":6},"end":{"line":17,"column":7}}],"line":15},"5":{"loc":{"start":{"line":23,"column":4},"end":{"line":25,"column":5}},"type":"if","locations":[{"start":{"line":23,"column":4},"end":{"line":25,"column":5}},{"start":{"line":23,"column":4},"end":{"line":25,"column":5}}],"line":23},"6":{"loc":{"start":{"line":26,"column":4},"end":{"line":28,"column":5}},"type":"if","locations":[{"start":{"line":26,"column":4},"end":{"line":28,"column":5}},{"start":{"line":26,"column":4},"end":{"line":28,"column":5}}],"line":26}},"s":{"0":1,"1":15,"2":15,"3":63,"4":63,"5":63,"6":9,"7":54,"8":24,"9":12,"10":12,"11":30,"12":18,"13":12,"14":12,"15":0,"16":15},"f":{"0":15,"1":63},"b":{"0":[9,54],"1":[63,15],"2":[24,30],"3":[54,36],"4":[12,12],"5":[18,12],"6":[12,0]},"_coverageSchema":"43e27e138ebf9cfc5966b082cf9a028302ed4184","hash":"44285c4e63aecf1368238375f54dbec2e453a194"}
,"/home/user/differenceCalculatorRed18/src/index.js": {"path":"/home/user/differenceCalculatorRed18/src/index.js","statementMap":{"0":{"start":{"line":8,"column":24},"end":{"line":8,"column":49}},"1":{"start":{"line":10,"column":22},"end":{"line":10,"column":59}},"2":{"start":{"line":11,"column":22},"end":{"line":11,"column":59}},"3":{"start":{"line":13,"column":16},"end":{"line":13,"column":49}},"4":{"start":{"line":14,"column":16},"end":{"line":14,"column":49}},"5":{"start":{"line":16,"column":14},"end":{"line":16,"column":35}},"6":{"start":{"line":18,"column":2},"end":{"line":18,"column":21}}},"fnMap":{"0":{"name":"(anonymous_0)","decl":{"start":{"line":7,"column":15},"end":{"line":7,"column":16}},"loc":{"start":{"line":7,"column":45},"end":{"line":19,"column":1}},"line":7}},"branchMap":{},"s":{"0":6,"1":6,"2":6,"3":6,"4":6,"5":6,"6":6},"f":{"0":6},"b":{},"_coverageSchema":"43e27e138ebf9cfc5966b082cf9a028302ed4184","hash":"8c24c59f5a3f2f72fe288c124fb5c1ac5661d89f"}
,"/home/user/differenceCalculatorRed18/src/parser.js": {"path":"/home/user/differenceCalculatorRed18/src/parser.js","statementMap":{"0":{"start":{"line":4,"column":18},"end":{"line":8,"column":1}},"1":{"start":{"line":10,"column":36},"end":{"line":10,"column":62}}},"fnMap":{"0":{"name":"(anonymous_0)","decl":{"start":{"line":10,"column":15},"end":{"line":10,"column":16}},"loc":{"start":{"line":10,"column":36},"end":{"line":10,"column":62}},"line":10}},"branchMap":{},"s":{"0":1,"1":12},"f":{"0":12},"b":{},"_coverageSchema":"43e27e138ebf9cfc5966b082cf9a028302ed4184","hash":"5a2bb4d345b70d67f3fc1bdffded9f32b8d07039"}
,"/home/user/differenceCalculatorRed18/src/render.js": {"path":"/home/user/differenceCalculatorRed18/src/render.js","statementMap":{"0":{"start":{"line":3,"column":18},"end":{"line":41,"column":1}},"1":{"start":{"line":4,"column":16},"end":{"line":4,"column":37}},"2":{"start":{"line":6,"column":24},"end":{"line":13,"column":3}},"3":{"start":{"line":7,"column":21},"end":{"line":7,"column":49}},"4":{"start":{"line":8,"column":4},"end":{"line":11,"column":5}},"5":{"start":{"line":9,"column":21},"end":{"line":9,"column":94}},"6":{"start":{"line":9,"column":46},"end":{"line":9,"column":82}},"7":{"start":{"line":10,"column":6},"end":{"line":10,"column":42}},"8":{"start":{"line":12,"column":4},"end":{"line":12,"column":17}},"9":{"start":{"line":15,"column":17},"end":{"line":38,"column":4}},"10":{"start":{"line":22,"column":8},"end":{"line":22,"column":12}},"11":{"start":{"line":24,"column":4},"end":{"line":37,"column":5}},"12":{"start":{"line":26,"column":8},"end":{"line":26,"column":71}},"13":{"start":{"line":28,"column":8},"end":{"line":28,"column":77}},"14":{"start":{"line":30,"column":8},"end":{"line":30,"column":77}},"15":{"start":{"line":32,"column":8},"end":{"line":32,"column":143}},"16":{"start":{"line":34,"column":8},"end":{"line":34,"column":78}},"17":{"start":{"line":36,"column":8},"end":{"line":36,"column":61}},"18":{"start":{"line":39,"column":22},"end":{"line":39,"column":50}},"19":{"start":{"line":40,"column":2},"end":{"line":40,"column":40}}},"fnMap":{"0":{"name":"(anonymous_0)","decl":{"start":{"line":3,"column":18},"end":{"line":3,"column":19}},"loc":{"start":{"line":3,"column":38},"end":{"line":41,"column":1}},"line":3},"1":{"name":"(anonymous_1)","decl":{"start":{"line":6,"column":24},"end":{"line":6,"column":25}},"loc":{"start":{"line":6,"column":49},"end":{"line":13,"column":3}},"line":6},"2":{"name":"(anonymous_2)","decl":{"start":{"line":9,"column":39},"end":{"line":9,"column":40}},"loc":{"start":{"line":9,"column":46},"end":{"line":9,"column":82}},"line":9},"3":{"name":"(anonymous_3)","decl":{"start":{"line":15,"column":25},"end":{"line":15,"column":26}},"loc":{"start":{"line":15,"column":35},"end":{"line":38,"column":3}},"line":15}},"branchMap":{"0":{"loc":{"start":{"line":3,"column":24},"end":{"line":3,"column":33}},"type":"default-arg","locations":[{"start":{"line":3,"column":32},"end":{"line":3,"column":33}}],"line":3},"1":{"loc":{"start":{"line":8,"column":4},"end":{"line":11,"column":5}},"type":"if","locations":[{"start":{"line":8,"column":4},"end":{"line":11,"column":5}},{"start":{"line":8,"column":4},"end":{"line":11,"column":5}}],"line":8},"2":{"loc":{"start":{"line":24,"column":4},"end":{"line":37,"column":5}},"type":"switch","locations":[{"start":{"line":25,"column":6},"end":{"line":26,"column":71}},{"start":{"line":27,"column":6},"end":{"line":28,"column":77}},{"start":{"line":29,"column":6},"end":{"line":30,"column":77}},{"start":{"line":31,"column":6},"end":{"line":32,"column":143}},{"start":{"line":33,"column":6},"end":{"line":34,"column":78}},{"start":{"line":35,"column":6},"end":{"line":36,"column":61}}],"line":24}},"s":{"0":1,"1":15,"2":15,"3":66,"4":66,"5":15,"6":15,"7":15,"8":51,"9":15,"10":63,"11":63,"12":9,"13":18,"14":12,"15":12,"16":12,"17":0,"18":15,"19":15},"f":{"0":15,"1":66,"2":15,"3":63},"b":{"0":[6],"1":[15,51],"2":[9,18,12,12,12,0]},"_coverageSchema":"43e27e138ebf9cfc5966b082cf9a028302ed4184","hash":"5e7322785f8ddbddd938c08e4648290149cd2dc7"}
}
