TN:
SF:/home/user/differenceCalculatorRed18/src/ast.js
FN:3,(anonymous_0)
FN:5,(anonymous_1)
FNF:2
FNH:2
FNDA:15,(anonymous_0)
FNDA:63,(anonymous_1)
DA:3,1
DA:4,15
DA:5,15
DA:6,63
DA:7,63
DA:9,63
DA:10,9
DA:14,54
DA:15,24
DA:16,12
DA:18,12
DA:23,30
DA:24,18
DA:26,12
DA:27,12
DA:29,0
DA:32,15
LF:17
LH:16
BRDA:9,0,0,9
BRDA:9,0,1,54
BRDA:9,1,0,63
BRDA:9,1,1,15
BRDA:14,2,0,24
BRDA:14,2,1,30
BRDA:14,3,0,54
BRDA:14,3,1,36
BRDA:15,4,0,12
BRDA:15,4,1,12
BRDA:23,5,0,18
BRDA:23,5,1,12
BRDA:26,6,0,12
BRDA:26,6,1,0
BRF:14
BRH:13
end_of_record
TN:
SF:/home/user/differenceCalculatorRed18/src/index.js
FN:7,(anonymous_0)
FNF:1
FNH:1
FNDA:6,(anonymous_0)
DA:8,6
DA:10,6
DA:11,6
DA:13,6
DA:14,6
DA:16,6
DA:18,6
LF:7
LH:7
BRF:0
BRH:0
end_of_record
TN:
SF:/home/user/differenceCalculatorRed18/src/parser.js
FN:10,(anonymous_0)
FNF:1
FNH:1
FNDA:12,(anonymous_0)
DA:4,1
DA:10,12
LF:2
LH:2
BRF:0
BRH:0
end_of_record
TN:
SF:/home/user/differenceCalculatorRed18/src/render.js
FN:3,(anonymous_0)
FN:6,(anonymous_1)
FN:9,(anonymous_2)
FN:15,(anonymous_3)
FNF:4
FNH:4
FNDA:15,(anonymous_0)
FNDA:66,(anonymous_1)
FNDA:15,(anonymous_2)
FNDA:63,(anonymous_3)
DA:3,1
DA:4,15
DA:6,15
DA:7,66
DA:8,66
DA:9,15
DA:10,15
DA:12,51
DA:15,15
DA:22,63
DA:24,63
DA:26,9
DA:28,18
DA:30,12
DA:32,12
DA:34,12
DA:36,0
DA:39,15
DA:40,15
LF:19
LH:18
BRDA:3,0,0,6
BRDA:8,1,0,15
BRDA:8,1,1,51
BRDA:24,2,0,9
BRDA:24,2,1,18
BRDA:24,2,2,12
BRDA:24,2,3,12
BRDA:24,2,4,12
BRDA:24,2,5,0
BRF:9
BRH:8
end_of_record
